{"ts":1761504262205,"action":"PROJECT_OPENED","tags":{"PROJECT_NAME":"Actividades-AlgoritmicaUPM"}}
{"ts":1761504272119,"action":"IDE_DEACTIVATED"}
{"ts":1761504274055,"action":"IDE_ACTIVATED"}
{"ts":1761504275987,"action":"FILE_OPENED","file":"/src/t3/ExtraSelecciónOptima.java","tags":{"FILE_LINE_OF_CODE":"5"}}
{"ts":1761504280735,"action":"IDE_DEACTIVATED"}
{"ts":1761504445339,"action":"IDE_ACTIVATED"}
{"ts":1761504455027,"action":"IDE_DEACTIVATED"}
{"ts":1761504458154,"action":"IDE_ACTIVATED"}
{"ts":1761505091031,"action":"IDE_DEACTIVATED"}
{"ts":1761505105099,"action":"IDE_ACTIVATED"}
{"ts":1761505106521,"action":"IDE_DEACTIVATED"}
{"ts":1761505157525,"action":"IDE_ACTIVATED"}
{"ts":1761505169795,"action":"IDE_DEACTIVATED"}
{"ts":1761505180043,"action":"IDE_ACTIVATED"}
{"ts":1761505202023,"action":"IDE_DEACTIVATED"}
{"ts":1761505328046,"action":"IDE_ACTIVATED"}
{"ts":1761505334371,"action":"FILE_CLOSED","file":"/src/t3/ExtraSeleccionOptima.java","tags":{"FILE_LINE_OF_CODE":"52"}}
{"ts":1761505334453,"action":"FILE_OPENED","file":"/src/t3/A.java","tags":{"FILE_LINE_OF_CODE":"5"}}
{"ts":1761505354830,"action":"IDE_DEACTIVATED"}
{"ts":1761506129163,"action":"IDE_ACTIVATED"}
{"ts":1761506726300,"action":"IDE_DEACTIVATED"}
{"ts":1761511901358,"action":"IDE_ACTIVATED"}
{"ts":1761511904785,"action":"IDE_DEACTIVATED"}
{"ts":1761516911369,"action":"IDE_ACTIVATED"}
{"ts":1761516916264,"action":"IDE_DEACTIVATED"}
{"ts":1761516923453,"action":"IDE_ACTIVATED"}
{"ts":1761516931009,"action":"IDE_DEACTIVATED"}
{"ts":1761516942810,"action":"IDE_ACTIVATED"}
{"ts":1761516956126,"action":"IDE_DEACTIVATED"}
{"ts":1761516984985,"action":"IDE_ACTIVATED"}
{"ts":1761517588675,"action":"IDE_DEACTIVATED"}
{"ts":1761517617200,"action":"IDE_ACTIVATED"}
{"ts":1761517708846,"action":"IDE_DEACTIVATED"}
{"ts":1761517713266,"action":"IDE_ACTIVATED"}
{"ts":1761517735374,"action":"IDE_DEACTIVATED"}
{"ts":1761517756217,"action":"IDE_ACTIVATED"}
{"ts":1761517761993,"action":"IDE_DEACTIVATED"}
{"ts":1761517808304,"action":"IDE_ACTIVATED"}
{"ts":1761517810827,"action":"IDE_DEACTIVATED"}
{"ts":1761517812055,"action":"IDE_ACTIVATED"}
{"ts":1761517823233,"action":"IDE_DEACTIVATED"}
{"ts":1761518325971,"action":"IDE_ACTIVATED"}
{"ts":1761518342187,"action":"IDE_DEACTIVATED"}
{"ts":1761518344258,"action":"IDE_ACTIVATED"}
{"ts":1761518382806,"action":"IDE_DEACTIVATED"}
{"ts":1761518408856,"action":"IDE_ACTIVATED"}
{"ts":1761518455904,"action":"IDE_DEACTIVATED"}
{"ts":1761518483057,"action":"IDE_ACTIVATED"}
{"ts":1761518489638,"action":"IDE_DEACTIVATED"}
{"ts":1761518560390,"action":"IDE_ACTIVATED"}
{"ts":1761518562307,"action":"IDE_DEACTIVATED"}
{"ts":1761518589957,"action":"IDE_ACTIVATED"}
{"ts":1761518591498,"action":"IDE_DEACTIVATED"}
{"ts":1761518603364,"action":"IDE_ACTIVATED"}
{"ts":1761518613298,"action":"IDE_DEACTIVATED"}
{"ts":1761518640036,"action":"IDE_ACTIVATED"}
{"ts":1761518650451,"action":"IDE_DEACTIVATED"}
{"ts":1761518695579,"action":"IDE_ACTIVATED"}
{"ts":1761518723372,"action":"IDE_DEACTIVATED"}
{"ts":1761518789250,"action":"IDE_ACTIVATED"}
{"ts":1761518799344,"action":"IDE_DEACTIVATED"}
{"ts":1761518914606,"action":"IDE_ACTIVATED"}
{"ts":1761519028575,"action":"IDE_DEACTIVATED"}
{"ts":1761519050874,"action":"IDE_ACTIVATED"}
{"ts":1761519059826,"action":"FILE_CLOSED","file":"/src/t3/A.java","tags":{"FILE_LINE_OF_CODE":"66"}}
{"ts":1761519059851,"action":"FILE_OPENED","file":"/src/t3/Junio2018.java","tags":{"FILE_LINE_OF_CODE":"42"}}
{"ts":1761519061636,"action":"FILE_CLOSED","file":"/src/t3/Junio2018.java","tags":{"FILE_LINE_OF_CODE":"42"}}
{"ts":1761519061663,"action":"FILE_OPENED","file":"/src/t3/Enero2024.java","tags":{"FILE_LINE_OF_CODE":"61"}}
{"ts":1761519086366,"action":"IDE_DEACTIVATED"}
{"ts":1761519109055,"action":"IDE_ACTIVATED"}
{"ts":1761519109277,"action":"FILE_CLOSED","file":"/src/t3/Enero2024.java","tags":{"FILE_LINE_OF_CODE":"66"}}
{"ts":1761519109277,"action":"FILE_OPENED","file":"/src/t3/A.java","tags":{"FILE_LINE_OF_CODE":"66"}}
{"ts":1761519118248,"action":"IDE_DEACTIVATED"}
{"ts":1761519120917,"action":"IDE_ACTIVATED"}
{"ts":1761519518228,"action":"IDE_DEACTIVATED"}
{"ts":1761519525621,"action":"IDE_ACTIVATED"}
{"ts":1761519628525,"action":"FILE_CLOSED","file":"/src/t3/A.java","tags":{"FILE_LINE_OF_CODE":"35"}}
{"ts":1761519628555,"action":"FILE_OPENED","file":"/src/t3/Noviembre2021.java","tags":{"FILE_LINE_OF_CODE":"45"}}
{"ts":1761519630486,"action":"FILE_CLOSED","file":"/src/t3/Noviembre2021.java","tags":{"FILE_LINE_OF_CODE":"45"}}
{"ts":1761519630509,"action":"FILE_OPENED","file":"/src/t3/Noviembre2023.java","tags":{"FILE_LINE_OF_CODE":"43"}}
{"ts":1761519640375,"action":"FILE_CLOSED","file":"/src/t3/Noviembre2023.java","tags":{"FILE_LINE_OF_CODE":"43"}}
{"ts":1761519640375,"action":"FILE_OPENED","file":"/src/t3/Noviembre2021.java","tags":{"FILE_LINE_OF_CODE":"45"}}
{"ts":1761519641825,"action":"FILE_CLOSED","file":"/src/t3/Noviembre2021.java","tags":{"FILE_LINE_OF_CODE":"45"}}
{"ts":1761519641825,"action":"FILE_OPENED","file":"/src/t3/A.java","tags":{"FILE_LINE_OF_CODE":"35"}}
{"ts":1761519792883,"action":"FILE_CLOSED","file":"/src/t3/A.java","tags":{"FILE_LINE_OF_CODE":"35"}}
{"ts":1761519792911,"action":"FILE_OPENED","file":"/src/t3/Noviembre2023.java","tags":{"FILE_LINE_OF_CODE":"43"}}
{"ts":1761519802964,"action":"IDE_DEACTIVATED"}
{"ts":1761519834807,"action":"IDE_ACTIVATED"}
{"ts":1761519861578,"action":"IDE_DEACTIVATED"}
{"ts":1761519876004,"action":"IDE_ACTIVATED"}
{"ts":1761519878693,"action":"FILE_CLOSED","file":"/src/t3/Noviembre2023.java","tags":{"FILE_LINE_OF_CODE":"34"}}
{"ts":1761519878693,"action":"FILE_OPENED","file":"/src/t3/A.java","tags":{"FILE_LINE_OF_CODE":"35"}}
{"ts":1761519890035,"action":"IDE_DEACTIVATED"}
{"ts":1761519892603,"action":"IDE_ACTIVATED"}
{"ts":1761520458396,"action":"IDE_DEACTIVATED"}
{"ts":1761520477279,"action":"IDE_ACTIVATED"}
{"ts":1761520490202,"action":"FILE_CLOSED","file":"/src/t3/A.java","tags":{"FILE_LINE_OF_CODE":"49"}}
{"ts":1761520490202,"action":"FILE_OPENED","file":"/src/t3/Junio2018.java","tags":{"FILE_LINE_OF_CODE":"42"}}
{"ts":1761520490899,"action":"FILE_CLOSED","file":"/src/t3/Junio2018.java","tags":{"FILE_LINE_OF_CODE":"42"}}
{"ts":1761520490899,"action":"FILE_OPENED","file":"/src/t3/Noviembre2021.java","tags":{"FILE_LINE_OF_CODE":"45"}}
{"ts":1761520495883,"action":"IDE_DEACTIVATED"}
{"ts":1761520511748,"action":"IDE_ACTIVATED"}
{"ts":1761520514999,"action":"IDE_DEACTIVATED"}
{"ts":1761520793953,"action":"IDE_ACTIVATED"}
{"ts":1761520800651,"action":"IDE_DEACTIVATED"}
{"ts":1761520836973,"action":"IDE_ACTIVATED"}
{"ts":1761520837880,"action":"IDE_DEACTIVATED"}
{"ts":1761594767998,"action":"IDE_ACTIVATED"}
{"ts":1761594783613,"action":"FILE_CLOSED","file":"/src/t3/Noviembre2021.java","tags":{"FILE_LINE_OF_CODE":"45"}}
{"ts":1761594783886,"action":"FILE_OPENED","file":"/src/t3/Octubre2025.java","tags":{"FILE_LINE_OF_CODE":"5"}}
{"ts":1761595262945,"action":"IDE_DEACTIVATED"}
{"ts":1761595390126,"action":"IDE_ACTIVATED"}
{"ts":1761595392327,"action":"IDE_DEACTIVATED"}
{"ts":1761595639865,"action":"IDE_ACTIVATED"}
{"ts":1761595642391,"action":"IDE_DEACTIVATED"}
{"ts":1761595718627,"action":"IDE_ACTIVATED"}
{"ts":1761595718959,"action":"IDE_DEACTIVATED"}
{"ts":1761595719832,"action":"IDE_ACTIVATED"}
{"ts":1761595754264,"action":"IDE_DEACTIVATED"}
{"ts":1761595804839,"action":"IDE_ACTIVATED"}
{"ts":1761595805734,"action":"IDE_DEACTIVATED"}
{"ts":1761595825057,"action":"IDE_ACTIVATED"}
{"ts":1761595906890,"action":"IDE_DEACTIVATED"}
